
C# Development Hours #1: 1 of 99: ±N
Development Hours - MODEL-001 > MODEL-001
None #0
    0.00 x 0.00 x 0.00 None: @0.00 None
    40.00 - 16.00 = 24.00
    [ . ] Image.   [ . ] Download.   [ ✓ ] Profits.


CSS Development Hours #2: 1 of 99: ±N
Development Hours - MODEL-001 > MODEL-001
None #0
    0.00 x 0.00 x 0.00 None: @0.00 None
    35.00 - 14.00 = 21.00
    [ . ] Image.   [ . ] Download.   [ ✓ ] Profits.


Java Development Hours #3: 1 of 99: ±N
Development Hours - MODEL-001 > MODEL-001
None #0
    0.00 x 0.00 x 0.00 None: @0.00 None
    35.00 - 14.00 = 21.00
    [ . ] Image.   [ . ] Download.   [ ✓ ] Profits.


PHP Development Hours #4: 1 of 99: ±N
Development Hours - MODEL-001 > MODEL-001
None #0
    0.00 x 0.00 x 0.00 None: @0.00 None
    35.00 - 14.00 = 21.00
    [ . ] Image.   [ . ] Download.   [ ✓ ] Profits.


Expert Versions #5: 1 of 99: ±N
Downloads - MODEL-001 > MODEL-001
None #0
    0.00 x 0.00 x 0.00 None: @0.00 None
    20.00 - 8.00 = 12.00
    [ . ] Image.   [ . ] Download.   [ ✓ ] Profits.


Fonts Pack #6: 1 of 99: ±N
Downloads - MODEL-001 > MODEL-001
None #0
    0.00 x 0.00 x 0.00 None: @0.00 None
    15.00 - 6.00 = 9.00
    [ . ] Image.   [ . ] Download.   [ ✓ ] Profits.


Free Software Downloads #7: 1 of 99: ±N
Downloads - MODEL-001 > MODEL-001
None #0
    0.00 x 0.00 x 0.00 None: @0.00 None
    0.00 - 0.00 = 0.00
    [ . ] Image.   [ . ] Download.   [ ✓ ] Profits.

